Using pre-set license
Built from '2020.3/staging' branch; Version is '2020.3.9f1 (108be757e447) revision 1084391'; Using compiler version '192528614'; Build Type 'Release'
OS: 'Windows 10 Home; OS build 19042.1110; Version 2009; 64bit' Language: 'fr' Physical Memory: 16205 MB
BatchMode: 1, IsHumanControllingUs: 0, StartBugReporterOnCrash: 0, Is64bit: 1, IsPro: 0

 COMMAND LINE ARGUMENTS:
C:\Program Files\Unity\Hub\Editor\2020.3.9f1\Editor\Unity.exe
-adb2
-batchMode
-noUpm
-name
AssetImportWorker0
-projectPath
C:/Projet_Perso/HarvestGame/HarvestGame/HarvestCapitalism
-logFile
Logs/AssetImportWorker0.log
-srvPort
61905
Successfully changed project path to: C:/Projet_Perso/HarvestGame/HarvestGame/HarvestCapitalism
C:/Projet_Perso/HarvestGame/HarvestGame/HarvestCapitalism
Using Asset Import Pipeline V2.
Refreshing native plugins compatible for Editor in 32.57 ms, found 0 plugins.
Preloading 0 native plugins for Editor in 0.00 ms.
Initialize engine version: 2020.3.9f1 (108be757e447)
[Subsystems] Discovering subsystems at path C:/Program Files/Unity/Hub/Editor/2020.3.9f1/Editor/Data/Resources/UnitySubsystems
[Subsystems] Discovering subsystems at path C:/Projet_Perso/HarvestGame/HarvestGame/HarvestCapitalism/Assets
GfxDevice: creating device client; threaded=0
Direct3D:
    Version:  Direct3D 11.0 [level 11.1]
    Renderer: NVIDIA GeForce RTX 3060 Laptop GPU (ID=0x2520)
    Vendor:   
    VRAM:     6023 MB
    Driver:   27.21.14.6140
Initialize mono
Mono path[0] = 'C:/Program Files/Unity/Hub/Editor/2020.3.9f1/Editor/Data/Managed'
Mono path[1] = 'C:/Program Files/Unity/Hub/Editor/2020.3.9f1/Editor/Data/MonoBleedingEdge/lib/mono/unityjit'
Mono config path = 'C:/Program Files/Unity/Hub/Editor/2020.3.9f1/Editor/Data/MonoBleedingEdge/etc'
Using monoOptions --debugger-agent=transport=dt_socket,embedding=1,server=y,suspend=n,address=127.0.0.1:56168
Begin MonoManager ReloadAssembly
Registering precompiled unity dll's ...
Register platform support module: C:/Program Files/Unity/Hub/Editor/2020.3.9f1/Editor/Data/PlaybackEngines/WindowsStandaloneSupport/UnityEditor.WindowsStandalone.Extensions.dll
Registered in 0.001554 seconds.
Native extension for WindowsStandalone target not found
Refreshing native plugins compatible for Editor in 47.20 ms, found 0 plugins.
Preloading 0 native plugins for Editor in 0.00 ms.
Mono: successfully reloaded assembly
- Completed reload, in  1.695 seconds
Platform modules already initialized, skipping
Registering precompiled user dll's ...
Registered in 0.000704 seconds.
Begin MonoManager ReloadAssembly
Native extension for WindowsStandalone target not found
Refreshing native plugins compatible for Editor in 33.42 ms, found 0 plugins.
Preloading 0 native plugins for Editor in 0.00 ms.
Mono: successfully reloaded assembly
- Completed reload, in  0.925 seconds
Platform modules already initialized, skipping
========================================================================
Worker process is ready to serve import requests
Launched and connected shader compiler UnityShaderCompiler.exe after 0.03 seconds
Refreshing native plugins compatible for Editor in 0.33 ms, found 0 plugins.
Preloading 0 native plugins for Editor in 0.00 ms.
Unloading 1483 Unused Serialized files (Serialized files now loaded: 0)
System memory in use before: 72.7 MB.
System memory in use after: 72.7 MB.

Unloading 12 unused Assets to reduce memory usage. Loaded Objects now: 1934.
Total: 1.574600 ms (FindLiveObjects: 0.138200 ms CreateObjectMapping: 0.048100 ms MarkObjects: 1.307600 ms  DeleteObjects: 0.079700 ms)

========================================================================
Received Import Request.
  path: Assets/Scripts/Player/Player.cs
  artifactKey: Guid(4e6a5bbb35f7c5a488d3ac041bb79c08) Importer(815301076,1909f56bfc062723c751e8b465ee728b)
Start importing Assets/Scripts/Player/Player.cs using Guid(4e6a5bbb35f7c5a488d3ac041bb79c08) Importer(815301076,1909f56bfc062723c751e8b465ee728b)  -> (artifact id: 'da42a97a4b2d7a521d0919332e844763') in 0.040838 seconds
  Import took 0.042987 seconds .

========================================================================
Received Import Request.
  Time since last request: 16.535388 seconds.
  path: Assets/Scripts/Player/Player.cs
  artifactKey: Guid(4e6a5bbb35f7c5a488d3ac041bb79c08) Importer(815301076,1909f56bfc062723c751e8b465ee728b)
Start importing Assets/Scripts/Player/Player.cs using Guid(4e6a5bbb35f7c5a488d3ac041bb79c08) Importer(815301076,1909f56bfc062723c751e8b465ee728b)  -> (artifact id: '298f0062332a344476d7846a3cf48cfd') in 0.020766 seconds
  Import took 0.022963 seconds .

========================================================================
Received Prepare
Registering precompiled user dll's ...
Registered in 0.000682 seconds.
Begin MonoManager ReloadAssembly
Native extension for WindowsStandalone target not found
Refreshing native plugins compatible for Editor in 0.32 ms, found 0 plugins.
Preloading 0 native plugins for Editor in 0.00 ms.
Mono: successfully reloaded assembly
- Completed reload, in  0.818 seconds
Platform modules already initialized, skipping
Refreshing native plugins compatible for Editor in 0.34 ms, found 0 plugins.
Preloading 0 native plugins for Editor in 0.00 ms.
Unloading 1475 Unused Serialized files (Serialized files now loaded: 0)
System memory in use before: 72.5 MB.
System memory in use after: 72.5 MB.

Unloading 5 unused Assets to reduce memory usage. Loaded Objects now: 1937.
Total: 1.694500 ms (FindLiveObjects: 0.159200 ms CreateObjectMapping: 0.055100 ms MarkObjects: 1.417000 ms  DeleteObjects: 0.062200 ms)

========================================================================
Received Prepare
Registering precompiled user dll's ...
Registered in 0.000888 seconds.
Begin MonoManager ReloadAssembly
Native extension for WindowsStandalone target not found
Refreshing native plugins compatible for Editor in 0.30 ms, found 0 plugins.
Preloading 0 native plugins for Editor in 0.00 ms.
Mono: successfully reloaded assembly
- Completed reload, in  0.727 seconds
Platform modules already initialized, skipping
Refreshing native plugins compatible for Editor in 0.31 ms, found 0 plugins.
Preloading 0 native plugins for Editor in 0.00 ms.
Unloading 1475 Unused Serialized files (Serialized files now loaded: 0)
System memory in use before: 72.5 MB.
System memory in use after: 72.6 MB.

Unloading 5 unused Assets to reduce memory usage. Loaded Objects now: 1940.
Total: 1.508600 ms (FindLiveObjects: 0.135000 ms CreateObjectMapping: 0.042700 ms MarkObjects: 1.289400 ms  DeleteObjects: 0.040700 ms)

========================================================================
Received Import Request.
  Time since last request: 70.474261 seconds.
  path: Assets/Scripts/Player/Player.cs
  artifactKey: Guid(4e6a5bbb35f7c5a488d3ac041bb79c08) Importer(815301076,1909f56bfc062723c751e8b465ee728b)
Start importing Assets/Scripts/Player/Player.cs using Guid(4e6a5bbb35f7c5a488d3ac041bb79c08) Importer(815301076,1909f56bfc062723c751e8b465ee728b)  -> (artifact id: '808dfe52685599154a8ef60be9572b59') in 0.021325 seconds
  Import took 0.023386 seconds .

========================================================================
Received Prepare
Registering precompiled user dll's ...
Registered in 0.000906 seconds.
Begin MonoManager ReloadAssembly
Native extension for WindowsStandalone target not found
Refreshing native plugins compatible for Editor in 0.33 ms, found 0 plugins.
Preloading 0 native plugins for Editor in 0.00 ms.
Mono: successfully reloaded assembly
- Completed reload, in  0.729 seconds
Platform modules already initialized, skipping
Refreshing native plugins compatible for Editor in 0.31 ms, found 0 plugins.
Preloading 0 native plugins for Editor in 0.00 ms.
Unloading 1475 Unused Serialized files (Serialized files now loaded: 0)
System memory in use before: 72.5 MB.
System memory in use after: 72.6 MB.

Unloading 5 unused Assets to reduce memory usage. Loaded Objects now: 1943.
Total: 1.661000 ms (FindLiveObjects: 0.141200 ms CreateObjectMapping: 0.045600 ms MarkObjects: 1.432100 ms  DeleteObjects: 0.041300 ms)

========================================================================
Received Import Request.
  Time since last request: 26.646647 seconds.
  path: Assets/Scripts/Player/Player.cs
  artifactKey: Guid(4e6a5bbb35f7c5a488d3ac041bb79c08) Importer(815301076,1909f56bfc062723c751e8b465ee728b)
Start importing Assets/Scripts/Player/Player.cs using Guid(4e6a5bbb35f7c5a488d3ac041bb79c08) Importer(815301076,1909f56bfc062723c751e8b465ee728b)  -> (artifact id: 'c053ba91e5b2fc31ab9c7832a6d7cdd8') in 0.021125 seconds
  Import took 0.023163 seconds .

========================================================================
Received Import Request.
  Time since last request: 1.528186 seconds.
  path: Assets/Scripts/Player/Player.cs
  artifactKey: Guid(4e6a5bbb35f7c5a488d3ac041bb79c08) Importer(815301076,1909f56bfc062723c751e8b465ee728b)
Start importing Assets/Scripts/Player/Player.cs using Guid(4e6a5bbb35f7c5a488d3ac041bb79c08) Importer(815301076,1909f56bfc062723c751e8b465ee728b)  -> (artifact id: 'c053ba91e5b2fc31ab9c7832a6d7cdd8') in 0.019536 seconds
  Import took 0.021599 seconds .

========================================================================
Received Prepare
Registering precompiled user dll's ...
Registered in 0.000770 seconds.
Begin MonoManager ReloadAssembly
Native extension for WindowsStandalone target not found
Refreshing native plugins compatible for Editor in 0.41 ms, found 0 plugins.
Preloading 0 native plugins for Editor in 0.00 ms.
Mono: successfully reloaded assembly
- Completed reload, in  0.809 seconds
Platform modules already initialized, skipping
Refreshing native plugins compatible for Editor in 0.31 ms, found 0 plugins.
Preloading 0 native plugins for Editor in 0.00 ms.
Unloading 1475 Unused Serialized files (Serialized files now loaded: 0)
System memory in use before: 72.5 MB.
System memory in use after: 72.6 MB.

Unloading 5 unused Assets to reduce memory usage. Loaded Objects now: 1946.
Total: 1.567800 ms (FindLiveObjects: 0.145800 ms CreateObjectMapping: 0.051400 ms MarkObjects: 1.327000 ms  DeleteObjects: 0.042600 ms)

========================================================================
Received Import Request.
  Time since last request: 98.059440 seconds.
  path: Assets/Scripts/Player/Player.cs
  artifactKey: Guid(4e6a5bbb35f7c5a488d3ac041bb79c08) Importer(815301076,1909f56bfc062723c751e8b465ee728b)
Start importing Assets/Scripts/Player/Player.cs using Guid(4e6a5bbb35f7c5a488d3ac041bb79c08) Importer(815301076,1909f56bfc062723c751e8b465ee728b)  -> (artifact id: '85f9764fe523884ab04fb7fb964cfade') in 0.021233 seconds
  Import took 0.023508 seconds .

========================================================================
Received Prepare
Registering precompiled user dll's ...
Registered in 0.000643 seconds.
Begin MonoManager ReloadAssembly
Native extension for WindowsStandalone target not found
Refreshing native plugins compatible for Editor in 0.31 ms, found 0 plugins.
Preloading 0 native plugins for Editor in 0.00 ms.
Mono: successfully reloaded assembly
- Completed reload, in  0.727 seconds
Platform modules already initialized, skipping
Refreshing native plugins compatible for Editor in 0.31 ms, found 0 plugins.
Preloading 0 native plugins for Editor in 0.00 ms.
Unloading 1475 Unused Serialized files (Serialized files now loaded: 0)
System memory in use before: 72.5 MB.
System memory in use after: 72.6 MB.

Unloading 5 unused Assets to reduce memory usage. Loaded Objects now: 1949.
Total: 1.473400 ms (FindLiveObjects: 0.133600 ms CreateObjectMapping: 0.044700 ms MarkObjects: 1.254300 ms  DeleteObjects: 0.040000 ms)

========================================================================
Received Import Request.
  Time since last request: 78.131696 seconds.
  path: Assets/Scripts/Player/Player.cs
  artifactKey: Guid(4e6a5bbb35f7c5a488d3ac041bb79c08) Importer(815301076,1909f56bfc062723c751e8b465ee728b)
Start importing Assets/Scripts/Player/Player.cs using Guid(4e6a5bbb35f7c5a488d3ac041bb79c08) Importer(815301076,1909f56bfc062723c751e8b465ee728b)  -> (artifact id: '9bdaa6c4357499db5b7bbbbedcc0345c') in 0.021177 seconds
  Import took 0.023187 seconds .

========================================================================
Received Import Request.
  Time since last request: 1.870241 seconds.
  path: Assets/Scripts/Player/Player.cs
  artifactKey: Guid(4e6a5bbb35f7c5a488d3ac041bb79c08) Importer(815301076,1909f56bfc062723c751e8b465ee728b)
Start importing Assets/Scripts/Player/Player.cs using Guid(4e6a5bbb35f7c5a488d3ac041bb79c08) Importer(815301076,1909f56bfc062723c751e8b465ee728b)  -> (artifact id: '9bdaa6c4357499db5b7bbbbedcc0345c') in 0.020680 seconds
  Import took 0.023231 seconds .

========================================================================
Received Prepare
Registering precompiled user dll's ...
Registered in 0.000664 seconds.
Begin MonoManager ReloadAssembly
Native extension for WindowsStandalone target not found
Refreshing native plugins compatible for Editor in 0.30 ms, found 0 plugins.
Preloading 0 native plugins for Editor in 0.00 ms.
Mono: successfully reloaded assembly
- Completed reload, in  0.731 seconds
Platform modules already initialized, skipping
Refreshing native plugins compatible for Editor in 0.42 ms, found 0 plugins.
Preloading 0 native plugins for Editor in 0.00 ms.
Unloading 1475 Unused Serialized files (Serialized files now loaded: 0)
System memory in use before: 72.5 MB.
System memory in use after: 72.6 MB.

Unloading 5 unused Assets to reduce memory usage. Loaded Objects now: 1952.
Total: 1.647500 ms (FindLiveObjects: 0.159300 ms CreateObjectMapping: 0.049400 ms MarkObjects: 1.394100 ms  DeleteObjects: 0.043800 ms)

========================================================================
Received Import Request.
  Time since last request: 156.846003 seconds.
  path: Assets/Scripts/Player/Player.cs
  artifactKey: Guid(4e6a5bbb35f7c5a488d3ac041bb79c08) Importer(815301076,1909f56bfc062723c751e8b465ee728b)
Start importing Assets/Scripts/Player/Player.cs using Guid(4e6a5bbb35f7c5a488d3ac041bb79c08) Importer(815301076,1909f56bfc062723c751e8b465ee728b)  -> (artifact id: '16c9d0c2cb1dcc7f2cd193b1fb50c3e5') in 0.021043 seconds
  Import took 0.023040 seconds .

========================================================================
Received Prepare
Registering precompiled user dll's ...
Registered in 0.000711 seconds.
Begin MonoManager ReloadAssembly
Native extension for WindowsStandalone target not found
Refreshing native plugins compatible for Editor in 0.31 ms, found 0 plugins.
Preloading 0 native plugins for Editor in 0.00 ms.
Mono: successfully reloaded assembly
- Completed reload, in  0.744 seconds
Platform modules already initialized, skipping
Refreshing native plugins compatible for Editor in 0.34 ms, found 0 plugins.
Preloading 0 native plugins for Editor in 0.00 ms.
Unloading 1475 Unused Serialized files (Serialized files now loaded: 0)
System memory in use before: 72.6 MB.
System memory in use after: 72.6 MB.

Unloading 5 unused Assets to reduce memory usage. Loaded Objects now: 1955.
Total: 1.753100 ms (FindLiveObjects: 0.143300 ms CreateObjectMapping: 0.044700 ms MarkObjects: 1.517800 ms  DeleteObjects: 0.046100 ms)

========================================================================
Received Import Request.
  Time since last request: 78.230513 seconds.
  path: Assets/Scripts/Player/Player.cs
  artifactKey: Guid(4e6a5bbb35f7c5a488d3ac041bb79c08) Importer(815301076,1909f56bfc062723c751e8b465ee728b)
Start importing Assets/Scripts/Player/Player.cs using Guid(4e6a5bbb35f7c5a488d3ac041bb79c08) Importer(815301076,1909f56bfc062723c751e8b465ee728b)  -> (artifact id: '7a07f630e5ce08a2312e5dbd984d8cd1') in 0.021465 seconds
  Import took 0.023537 seconds .

========================================================================
Received Import Request.
  Time since last request: 1.521498 seconds.
  path: Assets/Scripts/Player/Player.cs
  artifactKey: Guid(4e6a5bbb35f7c5a488d3ac041bb79c08) Importer(815301076,1909f56bfc062723c751e8b465ee728b)
Start importing Assets/Scripts/Player/Player.cs using Guid(4e6a5bbb35f7c5a488d3ac041bb79c08) Importer(815301076,1909f56bfc062723c751e8b465ee728b)  -> (artifact id: '7a07f630e5ce08a2312e5dbd984d8cd1') in 0.020258 seconds
  Import took 0.022256 seconds .

========================================================================
Received Prepare
Registering precompiled user dll's ...
Registered in 0.000680 seconds.
Begin MonoManager ReloadAssembly
Native extension for WindowsStandalone target not found
Refreshing native plugins compatible for Editor in 0.30 ms, found 0 plugins.
Preloading 0 native plugins for Editor in 0.00 ms.
Mono: successfully reloaded assembly
- Completed reload, in  0.739 seconds
Platform modules already initialized, skipping
Refreshing native plugins compatible for Editor in 0.31 ms, found 0 plugins.
Preloading 0 native plugins for Editor in 0.00 ms.
Unloading 1475 Unused Serialized files (Serialized files now loaded: 0)
System memory in use before: 72.6 MB.
System memory in use after: 72.6 MB.

Unloading 5 unused Assets to reduce memory usage. Loaded Objects now: 1958.
Total: 1.538600 ms (FindLiveObjects: 0.127400 ms CreateObjectMapping: 0.042700 ms MarkObjects: 1.293000 ms  DeleteObjects: 0.074700 ms)

========================================================================
Received Prepare
Registering precompiled user dll's ...
Registered in 0.000699 seconds.
Begin MonoManager ReloadAssembly
Native extension for WindowsStandalone target not found
Refreshing native plugins compatible for Editor in 0.51 ms, found 0 plugins.
Preloading 0 native plugins for Editor in 0.00 ms.
Mono: successfully reloaded assembly
- Completed reload, in  0.700 seconds
Platform modules already initialized, skipping
Refreshing native plugins compatible for Editor in 0.31 ms, found 0 plugins.
Preloading 0 native plugins for Editor in 0.00 ms.
Unloading 1475 Unused Serialized files (Serialized files now loaded: 0)
System memory in use before: 72.6 MB.
System memory in use after: 72.7 MB.

Unloading 5 unused Assets to reduce memory usage. Loaded Objects now: 1961.
Total: 1.499700 ms (FindLiveObjects: 0.131300 ms CreateObjectMapping: 0.045100 ms MarkObjects: 1.276200 ms  DeleteObjects: 0.046300 ms)

========================================================================
Received Prepare
Registering precompiled user dll's ...
Registered in 0.001010 seconds.
Begin MonoManager ReloadAssembly
Native extension for WindowsStandalone target not found
Refreshing native plugins compatible for Editor in 0.30 ms, found 0 plugins.
Preloading 0 native plugins for Editor in 0.00 ms.
Mono: successfully reloaded assembly
- Completed reload, in  0.687 seconds
Platform modules already initialized, skipping
Refreshing native plugins compatible for Editor in 0.30 ms, found 0 plugins.
Preloading 0 native plugins for Editor in 0.00 ms.
Unloading 1475 Unused Serialized files (Serialized files now loaded: 0)
System memory in use before: 72.6 MB.
System memory in use after: 72.7 MB.

Unloading 5 unused Assets to reduce memory usage. Loaded Objects now: 1964.
Total: 1.503300 ms (FindLiveObjects: 0.130800 ms CreateObjectMapping: 0.043800 ms MarkObjects: 1.288000 ms  DeleteObjects: 0.039800 ms)

========================================================================
Received Prepare
Refreshing native plugins compatible for Editor in 0.72 ms, found 0 plugins.
Preloading 0 native plugins for Editor in 0.00 ms.
Unloading 3 Unused Serialized files (Serialized files now loaded: 0)
System memory in use before: 43.4 MB.
System memory in use after: 43.5 MB.

Unloading 3 unused Assets to reduce memory usage. Loaded Objects now: 1964.
Total: 2.347300 ms (FindLiveObjects: 0.174100 ms CreateObjectMapping: 0.064000 ms MarkObjects: 2.057000 ms  DeleteObjects: 0.051400 ms)

========================================================================
Received Prepare
Registering precompiled user dll's ...
Registered in 0.000610 seconds.
Begin MonoManager ReloadAssembly
Native extension for WindowsStandalone target not found
Refreshing native plugins compatible for Editor in 0.31 ms, found 0 plugins.
Preloading 0 native plugins for Editor in 0.00 ms.
Mono: successfully reloaded assembly
- Completed reload, in  0.724 seconds
Platform modules already initialized, skipping
Refreshing native plugins compatible for Editor in 0.31 ms, found 0 plugins.
Preloading 0 native plugins for Editor in 0.00 ms.
Unloading 1475 Unused Serialized files (Serialized files now loaded: 0)
System memory in use before: 72.6 MB.
System memory in use after: 72.7 MB.

Unloading 5 unused Assets to reduce memory usage. Loaded Objects now: 1967.
Total: 1.955000 ms (FindLiveObjects: 0.152400 ms CreateObjectMapping: 0.046900 ms MarkObjects: 1.673900 ms  DeleteObjects: 0.080500 ms)

========================================================================
Received Prepare
Registering precompiled user dll's ...
Registered in 0.000744 seconds.
Begin MonoManager ReloadAssembly
Native extension for WindowsStandalone target not found
Refreshing native plugins compatible for Editor in 0.72 ms, found 0 plugins.
Preloading 0 native plugins for Editor in 0.00 ms.
Mono: successfully reloaded assembly
- Completed reload, in  1.346 seconds
Platform modules already initialized, skipping
Refreshing native plugins compatible for Editor in 0.31 ms, found 0 plugins.
Preloading 0 native plugins for Editor in 0.00 ms.
Unloading 1475 Unused Serialized files (Serialized files now loaded: 0)
System memory in use before: 72.6 MB.
System memory in use after: 72.7 MB.

Unloading 5 unused Assets to reduce memory usage. Loaded Objects now: 1970.
Total: 1.588200 ms (FindLiveObjects: 0.137500 ms CreateObjectMapping: 0.043800 ms MarkObjects: 1.354400 ms  DeleteObjects: 0.051500 ms)

========================================================================
Received Prepare
Refreshing native plugins compatible for Editor in 1.13 ms, found 0 plugins.
Preloading 0 native plugins for Editor in 0.00 ms.
Unloading 3 Unused Serialized files (Serialized files now loaded: 0)
System memory in use before: 43.4 MB.
System memory in use after: 43.5 MB.

Unloading 3 unused Assets to reduce memory usage. Loaded Objects now: 1970.
Total: 1.610000 ms (FindLiveObjects: 0.206200 ms CreateObjectMapping: 0.050500 ms MarkObjects: 1.311300 ms  DeleteObjects: 0.041200 ms)

AssetImportWorkerClient::OnTransportError - code=2 error=End of file
